CRITICAL - 2023-04-11 18:57:47 --> include(components/parts/footer.php): Failed to open stream: No such file or directory
in APPPATH/Views/index.php on line 30.
 1 APPPATH/Views/index.php(30): CodeIgniter\Debug\Exceptions->errorHandler(2, 'include(components/parts/footer.php): Failed to open stream: No such file or directory', '/Users/ikbalmaulana/Documents/freelance/RAKAMIN/final-task-qwords-codeigniter/app/Views/index.php', 30)
 2 APPPATH/Views/index.php(30): include()
 3 SYSTEMPATH/View/View.php(213): include('/Users/ikbalmaulana/Documents/freelance/RAKAMIN/final-task-qwords-codeigniter/app/Views/index.php')
 4 SYSTEMPATH/View/View.php(216): CodeIgniter\View\View->CodeIgniter\View\{closure}()
 5 SYSTEMPATH/Common.php(1184): CodeIgniter\View\View->render('index', [], true)
 6 APPPATH/Controllers/Home.php(9): view('index')
 7 SYSTEMPATH/CodeIgniter.php(934): App\Controllers\Home->index()
 8 SYSTEMPATH/CodeIgniter.php(499): CodeIgniter\CodeIgniter->runController(Object(App\Controllers\Home))
 9 SYSTEMPATH/CodeIgniter.php(368): CodeIgniter\CodeIgniter->handleRequest(null, Object(Config\Cache), false)
10 FCPATH/index.php(67): CodeIgniter\CodeIgniter->run()
11 SYSTEMPATH/Commands/Server/rewrite.php(47): require_once('/Users/ikbalmaulana/Documents/freelance/RAKAMIN/final-task-qwords-codeigniter/public/index.php')
CRITICAL - 2023-04-11 18:57:59 --> include(components/parts/footer.php): Failed to open stream: No such file or directory
in APPPATH/Views/index.php on line 30.
 1 APPPATH/Views/index.php(30): CodeIgniter\Debug\Exceptions->errorHandler(2, 'include(components/parts/footer.php): Failed to open stream: No such file or directory', '/Users/ikbalmaulana/Documents/freelance/RAKAMIN/final-task-qwords-codeigniter/app/Views/index.php', 30)
 2 APPPATH/Views/index.php(30): include()
 3 SYSTEMPATH/View/View.php(213): include('/Users/ikbalmaulana/Documents/freelance/RAKAMIN/final-task-qwords-codeigniter/app/Views/index.php')
 4 SYSTEMPATH/View/View.php(216): CodeIgniter\View\View->CodeIgniter\View\{closure}()
 5 SYSTEMPATH/Common.php(1184): CodeIgniter\View\View->render('index', [], true)
 6 APPPATH/Controllers/Home.php(9): view('index')
 7 SYSTEMPATH/CodeIgniter.php(934): App\Controllers\Home->index()
 8 SYSTEMPATH/CodeIgniter.php(499): CodeIgniter\CodeIgniter->runController(Object(App\Controllers\Home))
 9 SYSTEMPATH/CodeIgniter.php(368): CodeIgniter\CodeIgniter->handleRequest(null, Object(Config\Cache), false)
10 FCPATH/index.php(67): CodeIgniter\CodeIgniter->run()
11 SYSTEMPATH/Commands/Server/rewrite.php(47): require_once('/Users/ikbalmaulana/Documents/freelance/RAKAMIN/final-task-qwords-codeigniter/public/index.php')
