CRITICAL - 2023-04-10 18:37:56 --> Undefined property: CodeIgniter\View\View::$load
in APPPATH/Views/index.php on line 21.
 1 APPPATH/Views/index.php(21): CodeIgniter\Debug\Exceptions->errorHandler(2, 'Undefined property: CodeIgniter\\View\\View::$load', '/Users/ikbalmaulana/Documents/freelance/RAKAMIN/final-task-qwords-codeigniter/app/Views/index.php', 21)
 2 SYSTEMPATH/View/View.php(213): include('/Users/ikbalmaulana/Documents/freelance/RAKAMIN/final-task-qwords-codeigniter/app/Views/index.php')
 3 SYSTEMPATH/View/View.php(216): CodeIgniter\View\View->CodeIgniter\View\{closure}()
 4 SYSTEMPATH/Common.php(1184): CodeIgniter\View\View->render('index', [], true)
 5 APPPATH/Controllers/Home.php(9): view('index')
 6 SYSTEMPATH/CodeIgniter.php(934): App\Controllers\Home->index()
 7 SYSTEMPATH/CodeIgniter.php(499): CodeIgniter\CodeIgniter->runController(Object(App\Controllers\Home))
 8 SYSTEMPATH/CodeIgniter.php(368): CodeIgniter\CodeIgniter->handleRequest(null, Object(Config\Cache), false)
 9 FCPATH/index.php(67): CodeIgniter\CodeIgniter->run()
10 SYSTEMPATH/Commands/Server/rewrite.php(47): require_once('/Users/ikbalmaulana/Documents/freelance/RAKAMIN/final-task-qwords-codeigniter/public/index.php')
CRITICAL - 2023-04-10 18:38:01 --> Undefined property: CodeIgniter\View\View::$load
in APPPATH/Views/index.php on line 21.
 1 APPPATH/Views/index.php(21): CodeIgniter\Debug\Exceptions->errorHandler(2, 'Undefined property: CodeIgniter\\View\\View::$load', '/Users/ikbalmaulana/Documents/freelance/RAKAMIN/final-task-qwords-codeigniter/app/Views/index.php', 21)
 2 SYSTEMPATH/View/View.php(213): include('/Users/ikbalmaulana/Documents/freelance/RAKAMIN/final-task-qwords-codeigniter/app/Views/index.php')
 3 SYSTEMPATH/View/View.php(216): CodeIgniter\View\View->CodeIgniter\View\{closure}()
 4 SYSTEMPATH/Common.php(1184): CodeIgniter\View\View->render('index', [], true)
 5 APPPATH/Controllers/Home.php(9): view('index')
 6 SYSTEMPATH/CodeIgniter.php(934): App\Controllers\Home->index()
 7 SYSTEMPATH/CodeIgniter.php(499): CodeIgniter\CodeIgniter->runController(Object(App\Controllers\Home))
 8 SYSTEMPATH/CodeIgniter.php(368): CodeIgniter\CodeIgniter->handleRequest(null, Object(Config\Cache), false)
 9 FCPATH/index.php(67): CodeIgniter\CodeIgniter->run()
10 SYSTEMPATH/Commands/Server/rewrite.php(47): require_once('/Users/ikbalmaulana/Documents/freelance/RAKAMIN/final-task-qwords-codeigniter/public/index.php')
CRITICAL - 2023-04-10 18:38:19 --> Undefined property: CodeIgniter\View\View::$load
in APPPATH/Views/index.php on line 21.
 1 APPPATH/Views/index.php(21): CodeIgniter\Debug\Exceptions->errorHandler(2, 'Undefined property: CodeIgniter\\View\\View::$load', '/Users/ikbalmaulana/Documents/freelance/RAKAMIN/final-task-qwords-codeigniter/app/Views/index.php', 21)
 2 SYSTEMPATH/View/View.php(213): include('/Users/ikbalmaulana/Documents/freelance/RAKAMIN/final-task-qwords-codeigniter/app/Views/index.php')
 3 SYSTEMPATH/View/View.php(216): CodeIgniter\View\View->CodeIgniter\View\{closure}()
 4 SYSTEMPATH/Common.php(1184): CodeIgniter\View\View->render('index', [], true)
 5 APPPATH/Controllers/Home.php(9): view('index')
 6 SYSTEMPATH/CodeIgniter.php(934): App\Controllers\Home->index()
 7 SYSTEMPATH/CodeIgniter.php(499): CodeIgniter\CodeIgniter->runController(Object(App\Controllers\Home))
 8 SYSTEMPATH/CodeIgniter.php(368): CodeIgniter\CodeIgniter->handleRequest(null, Object(Config\Cache), false)
 9 FCPATH/index.php(67): CodeIgniter\CodeIgniter->run()
10 SYSTEMPATH/Commands/Server/rewrite.php(47): require_once('/Users/ikbalmaulana/Documents/freelance/RAKAMIN/final-task-qwords-codeigniter/public/index.php')
CRITICAL - 2023-04-10 18:38:24 --> Undefined property: CodeIgniter\View\View::$load
in APPPATH/Views/index.php on line 21.
 1 APPPATH/Views/index.php(21): CodeIgniter\Debug\Exceptions->errorHandler(2, 'Undefined property: CodeIgniter\\View\\View::$load', '/Users/ikbalmaulana/Documents/freelance/RAKAMIN/final-task-qwords-codeigniter/app/Views/index.php', 21)
 2 SYSTEMPATH/View/View.php(213): include('/Users/ikbalmaulana/Documents/freelance/RAKAMIN/final-task-qwords-codeigniter/app/Views/index.php')
 3 SYSTEMPATH/View/View.php(216): CodeIgniter\View\View->CodeIgniter\View\{closure}()
 4 SYSTEMPATH/Common.php(1184): CodeIgniter\View\View->render('index', [], true)
 5 APPPATH/Controllers/Home.php(9): view('index')
 6 SYSTEMPATH/CodeIgniter.php(934): App\Controllers\Home->index()
 7 SYSTEMPATH/CodeIgniter.php(499): CodeIgniter\CodeIgniter->runController(Object(App\Controllers\Home))
 8 SYSTEMPATH/CodeIgniter.php(368): CodeIgniter\CodeIgniter->handleRequest(null, Object(Config\Cache), false)
 9 FCPATH/index.php(67): CodeIgniter\CodeIgniter->run()
10 SYSTEMPATH/Commands/Server/rewrite.php(47): require_once('/Users/ikbalmaulana/Documents/freelance/RAKAMIN/final-task-qwords-codeigniter/public/index.php')
CRITICAL - 2023-04-10 18:38:28 --> Undefined property: CodeIgniter\View\View::$load
in APPPATH/Views/index.php on line 21.
 1 APPPATH/Views/index.php(21): CodeIgniter\Debug\Exceptions->errorHandler(2, 'Undefined property: CodeIgniter\\View\\View::$load', '/Users/ikbalmaulana/Documents/freelance/RAKAMIN/final-task-qwords-codeigniter/app/Views/index.php', 21)
 2 SYSTEMPATH/View/View.php(213): include('/Users/ikbalmaulana/Documents/freelance/RAKAMIN/final-task-qwords-codeigniter/app/Views/index.php')
 3 SYSTEMPATH/View/View.php(216): CodeIgniter\View\View->CodeIgniter\View\{closure}()
 4 SYSTEMPATH/Common.php(1184): CodeIgniter\View\View->render('index', [], true)
 5 APPPATH/Controllers/Home.php(9): view('index')
 6 SYSTEMPATH/CodeIgniter.php(934): App\Controllers\Home->index()
 7 SYSTEMPATH/CodeIgniter.php(499): CodeIgniter\CodeIgniter->runController(Object(App\Controllers\Home))
 8 SYSTEMPATH/CodeIgniter.php(368): CodeIgniter\CodeIgniter->handleRequest(null, Object(Config\Cache), false)
 9 FCPATH/index.php(67): CodeIgniter\CodeIgniter->run()
10 SYSTEMPATH/Commands/Server/rewrite.php(47): require_once('/Users/ikbalmaulana/Documents/freelance/RAKAMIN/final-task-qwords-codeigniter/public/index.php')
